::1 - - [15/Dec/2024:07:27:47 +0000] "POST /api/v1/user/login HTTP/1.1" 200 310 "-" "PostmanRuntime/7.43.0"
[0mPOST /api/v1/user/login [32m200[0m 120.239 ms - 310[0m
[0mPOST /api/v1/user/register [33m400[0m 52.451 ms - 48[0m
[0mPOST /api/v1/user/register [32m201[0m 3565.969 ms - 241[0m
[0mPOST /api/v1/user/login [31m500[0m 112.353 ms - 49[0m
[0mPOST /api/v1/user/login [31m500[0m 86.539 ms - 49[0m
[0mPOST /api/v1/user/login [31m500[0m 79.705 ms - 49[0m
[0mPOST /api/v1/user/login [31m500[0m 66.183 ms - 49[0m
[0mPOST /api/v1/user/login [31m500[0m 90.811 ms - 59[0m
[0mPOST /api/v1/user/login [32m200[0m 108.768 ms - 123[0m
[0mPOST /api/v1/user/login [32m200[0m 69.706 ms - 123[0m
[0mPOST /api/v1/user/login [32m200[0m 122.356 ms - 123[0m
[0mPOST /api/v1/user/login [32m200[0m 70.449 ms - 123[0m
[0mPOST /api/v1/user/login [32m200[0m 70.182 ms - 123[0m
[0mPOST /api/v1/user/login [32m200[0m 76.519 ms - 123[0m
[0mPOST /api/v1/user/login [32m200[0m 66.400 ms - 123[0m
[0mPOST /api/v1/user/login [32m200[0m 66.230 ms - 123[0m
[0mPOST /api/v1/user/login [32m200[0m 65.872 ms - 123[0m
[0mPOST /api/v1/user/login [32m200[0m 89.056 ms - 123[0m
[0mPOST /api/v1/user/login [31m500[0m 87.603 ms - 55[0m
[0mPOST /api/v1/user/login [32m200[0m 91.163 ms - 123[0m
[0mPOST /api/v1/user/login [32m200[0m 90.980 ms - 123[0m
[0mPOST /api/v1/user/login [32m200[0m 92.833 ms - 123[0m
[0mPOST /api/v1/user/login [32m200[0m 68.980 ms - 123[0m
[0mPOST /api/v1/user/login [32m200[0m 68.364 ms - 123[0m
[0mPOST /api/v1/user/login [32m200[0m 75.017 ms - 123[0m
[0mPOST /api/v1/user/login [32m200[0m 91.116 ms - 227[0m
[0mGET /api/v1/user/profileInfo [31m500[0m 3.957 ms - 50[0m
[0mGET /api/v1/user/profileInfo [31m500[0m 0.631 ms - 50[0m
[0mGET /api/v1/user/profileInfo [31m500[0m 5.160 ms - 50[0m
[0mGET /api/v1/user/profileInfo [31m500[0m 0.592 ms - 50[0m
[0mPOST /api/v1/user/login [32m200[0m 85.539 ms - 227[0m
[0mPOST /api/v1/user/login [32m200[0m 91.571 ms - 227[0m
[0mGET /api/v1/user/profileInfo [31m500[0m 1.196 ms - 50[0m
[0mGET /api/v1/user/profileInfo [31m500[0m 4.611 ms - 50[0m
[0mGET /api/v1/user/profileInfo [31m500[0m 9.672 ms - 50[0m
[0mPOST /api/v1/user/login [32m200[0m 91.595 ms - 227[0m
[0mPOST /api/v1/user/login [32m200[0m 17.485 ms - 11[0m
[0mPOST /api/v1/user/login [32m200[0m 1.018 ms - 11[0m
[0mPOST /api/v1/user/login [32m200[0m 12.476 ms - 11[0m
[0mPOST /api/v1/user/login [32m200[0m 16.991 ms - 11[0m
[0mPOST /api/v1/user/login [32m200[0m 10.748 ms - 11[0m
[0mPOST /api/v1/user/login [32m200[0m 21.903 ms - 11[0m
[0mPOST /api/v1/user/login [32m200[0m 15.707 ms - 11[0m
[0mPOST /api/v1/user/login [32m200[0m 0.633 ms - 11[0m
[0mPOST /api/v1/user/login [32m200[0m 0.501 ms - 11[0m
[0mPOST /api/v1/user/login [32m200[0m 11.458 ms - 11[0m
[0mPOST /api/v1/user/login [32m200[0m 0.585 ms - 11[0m
[0mPOST /api/v1/user/login [32m200[0m 0.510 ms - 11[0m
[0mPOST /api/v1/user/login [32m200[0m 0.391 ms - 11[0m
[0mPOST /api/v1/user/login [32m200[0m 0.489 ms - 11[0m
[0mPOST /api/v1/user/login [32m200[0m 14.330 ms - 11[0m
[0mPOST /api/v1/user/login [32m200[0m 1.522 ms - 11[0m
[0mPOST /api/v1/user/login [32m200[0m 14.149 ms - 11[0m
[0mPOST /api/v1/user/login [32m200[0m 17.552 ms - 11[0m
[0mPOST /api/v1/user/login [32m200[0m 14.010 ms - 11[0m
[0mPOST /api/v1/user/login [32m200[0m 1.411 ms - 11[0m
[0mPOST /api/v1/user/login [32m200[0m 1.358 ms - 11[0m
[0mPOST /api/v1/user/login [32m200[0m 14.309 ms - 11[0m
[0mPOST /api/v1/user/login [32m200[0m 12.999 ms - 11[0m
[0mPOST /api/v1/user/login [32m200[0m 1.589 ms - 11[0m
[0mPOST /api/v1/user/login [32m200[0m 1.134 ms - 11[0m
[0mPOST /api/v1/user/login [32m200[0m 0.966 ms - 11[0m
[0mPOST /api/v1/user/login [32m200[0m 1.295 ms - 11[0m
[0mPOST /api/v1/user/login [32m200[0m 92.934 ms - 227[0m
[0mPOST /api/v1/user/login [32m200[0m 91.688 ms - 227[0m
[0mGET /api/v1/user/profileInfo [33m404[0m 2.171 ms - 162[0m
[0mGET /api/v1/user/profileInfo [33m404[0m 4.949 ms - 162[0m
[0mPOST /api/v1/user/login [32m200[0m 91.175 ms - 227[0m
[0mPOST /api/v1/user/login [32m200[0m 115.615 ms - 227[0m
[0mPOST /api/v1/user/login [32m200[0m 94.643 ms - 227[0m
[0mPOST /api/v1/user/login [32m200[0m 92.778 ms - 227[0m
[0mPOST /api/v1/user/login [32m200[0m 204.418 ms - 227[0m
[0mPOST /api/v1/user/login [32m200[0m 80.503 ms - 227[0m
[0mPOST /api/v1/user/login [32m200[0m 77.861 ms - 227[0m
[0mPOST /api/v1/user/login [32m200[0m 79.722 ms - 227[0m
[0mPOST /api/v1/user/login [32m200[0m 78.110 ms - 227[0m
[0mPOST /api/v1/user/login [32m200[0m 108.329 ms - 227[0m
[0mPOST /api/v1/user/login [32m200[0m 78.214 ms - 227[0m
[0mPOST /api/v1/user/login [32m200[0m 97.684 ms - 227[0m
[0mPOST /api/v1/user/login [32m200[0m 98.403 ms - 227[0m
[0mPOST /api/v1/user/login [32m200[0m 95.184 ms - 227[0m
[0mPOST /api/v1/user/login [32m200[0m 89.411 ms - 227[0m
[0mPOST /api/v1/user/login [32m200[0m 97.225 ms - 227[0m
[0mPOST /api/v1/user/login [32m200[0m 152.493 ms - 227[0m
[0mPOST /api/v1/user/login [32m200[0m 68.673 ms - 227[0m
[0mPOST /api/v1/user/login [32m200[0m 103.051 ms - 227[0m
[0mPOST /api/v1/user/login [32m200[0m 91.153 ms - 227[0m
[0mPOST /api/v1/user/login [32m200[0m 67.914 ms - 227[0m
[0mPOST /api/v1/user/login [32m200[0m 93.823 ms - 227[0m
[0mPOST /api/v1/user/login [32m200[0m 79.030 ms - 227[0m
[0mPOST /api/v1/user/login [32m200[0m 169.477 ms - 227[0m
[0mPOST /api/v1/user/login [32m200[0m 109.022 ms - 227[0m
[0mPOST /api/v1/user/login [32m200[0m 119.413 ms - 414[0m
[0mPOST /api/v1/user/login [32m200[0m 74.211 ms - 414[0m
[0mPOST /api/v1/user/login [32m200[0m 85.676 ms - 414[0m
[0mPOST /api/v1/user/login [32m200[0m 109.588 ms - 414[0m
[0mPOST /api/v1/user/login [32m200[0m 112.983 ms - 414[0m
[0mPOST /api/v1/user/login [32m200[0m 135.923 ms - 414[0m
[0mPOST /api/v1/user/login [32m200[0m 113.885 ms - 414[0m
[0mPOST /api/v1/user/login [32m200[0m 121.945 ms - 414[0m
[0mPOST /api/v1/user/login [32m200[0m 126.620 ms - 414[0m
[0mPOST /api/v1/user/login [32m200[0m 119.600 ms - 414[0m
[0mPOST /api/v1/user/login [32m200[0m 161.217 ms - 414[0m
[0mPOST /api/v1/user/login [32m200[0m 113.664 ms - 414[0m
[0mGET /api/v1/user/profileInfo [31m500[0m 10.846 ms - 50[0m
[0mGET /api/v1/user/profileInfo [31m500[0m 2.215 ms - 50[0m
[0mPOST /api/v1/user/login [32m200[0m 102.205 ms - 414[0m
[0mGET /api/v1/user/profileInfo [31m500[0m 2.417 ms - 50[0m
[0mGET /api/v1/user/profileInfo [31m500[0m 3.458 ms - 50[0m
[0mGET /api/v1/user/profileInfo [31m500[0m 2.454 ms - 50[0m
[0mGET /api/v1/user/profileInfo [31m500[0m 2.597 ms - 50[0m
[0mGET /api/v1/user/profileInfo [31m500[0m 28.054 ms - 50[0m
[0mGET /api/v1/user/profileInfo [31m500[0m 8.457 ms - 50[0m
[0mGET /api/v1/user/profileInfo [31m500[0m 24.679 ms - 50[0m
[0mGET /api/v1/user/profileInfo [31m500[0m 27.404 ms - 50[0m
[0mGET /api/v1/user/profileInfo [31m500[0m 7.210 ms - 50[0m
[0mGET /api/v1/user/profileInfo [31m500[0m 6.971 ms - 50[0m
[0mGET /api/v1/user/profileInfo [31m500[0m 30.001 ms - 50[0m
[0mGET /api/v1/user/profileInfo [31m500[0m 25.659 ms - 156[0m
[0mGET /api/v1/user/profileInfo [31m500[0m 27.910 ms - 43[0m
[0mGET /api/v1/user/profileInfo [31m500[0m 17.009 ms - 43[0m
[0mPOST /api/v1/user/login [32m200[0m 80.979 ms - 414[0m
[0mGET /api/v1/user/profileInfo [31m500[0m 3.478 ms - 43[0m
[0mGET /api/v1/user/profileInfo [31m500[0m 3.271 ms - 43[0m
[0mGET /api/v1/user/profileInfo [31m500[0m 3.164 ms - 43[0m
[0mGET /api/v1/user/profileInfo [31m500[0m 2.977 ms - 43[0m
[0mGET /api/v1/user/profileInfo [31m500[0m 3.630 ms - 43[0m
[0mGET /api/v1/user/profileInfo [31m500[0m 3.693 ms - 43[0m
[0mGET /api/v1/user/profileInfo [31m500[0m 18.069 ms - 43[0m
[0mGET /api/v1/user/profileInfo [31m500[0m 15.474 ms - 43[0m
[0mGET /api/v1/user/profileInfo [31m500[0m 17.799 ms - 43[0m
[0mGET /api/v1/user/profileInfo [31m500[0m 22.752 ms - 84[0m
[0mGET /api/v1/user/profileInfo [31m500[0m 17.710 ms - 156[0m
[0mGET /api/v1/user/profileInfo [32m200[0m 20.122 ms - 385[0m
[0mGET /api/v1/user/profileInfo [32m200[0m 7.092 ms - 385[0m
[0mGET /api/v1/user/profileInfo [31m500[0m 1.971 ms - 47[0m
[0mGET /api/v1/user/profileInfo [31m500[0m 1.117 ms - 47[0m
[0mGET /api/v1/user/profileInfo [32m200[0m 6.409 ms - 385[0m
[0mPOST /api/v1/user/login [32m200[0m 80.403 ms - 414[0m
[0mGET /api/v1/user/profileInfo [32m200[0m 7.409 ms - 385[0m
[0mPOST /api/v1/user/login [32m200[0m 66.321 ms - 414[0m
[0mPOST /api/v1/user/login [32m200[0m 66.598 ms - 414[0m
[0mGET /api/v1/user/profileInfo [32m200[0m 4.971 ms - 385[0m
[0mGET /api/v1/user/profileInfo [32m200[0m 4.299 ms - 385[0m
[0mGET /api/v1/user/profileInfo [32m200[0m 4.663 ms - 385[0m
[0mGET /api/v1/user/profileInfo [32m200[0m 20.538 ms - 385[0m
[0mGET /api/v1/user/profileInfo [31m500[0m 1.010 ms - 83[0m
[0mGET /api/v1/user/profileInfo [33m401[0m 4.862 ms - 48[0m
[0mGET /api/v1/user/profileInfo [33m401[0m 0.645 ms - 48[0m
[0mGET /api/v1/user/profileInfo [33m401[0m 3.716 ms - 48[0m
[0mPOST /api/v1/user/login [32m200[0m 93.058 ms - 414[0m
[0mGET /api/v1/user/profileInfo [32m200[0m 9.919 ms - 385[0m
[0mGET /api/v1/user/logout [33m401[0m 9.129 ms - 48[0m
[0mGET /api/v1/user/logout [32m200[0m 21.869 ms - 53[0m
[0mGET /api/v1/user/logout [32m200[0m 3.504 ms - 53[0m
[0mGET /api/v1/user/logout [32m200[0m 2.860 ms - 53[0m
[0mGET /api/v1/user/logout [32m200[0m 22.659 ms - 53[0m
[0mGET /api/v1/user/logout [32m200[0m 5.745 ms - 53[0m
[0mGET /api/v1/user/profileInfo [32m200[0m 8.393 ms - 385[0m
[0mGET /api/v1/user/logout [32m200[0m 3.109 ms - 53[0m
[0mGET /api/v1/user/logout [32m200[0m 3.084 ms - 53[0m
[0mGET /api/v1/user/logout [32m200[0m 3.517 ms - 53[0m
[0mGET /api/v1/user/logout [32m200[0m 3.478 ms - 53[0m
[0mPOST /api/v1/user/login [32m200[0m 89.371 ms - 414[0m
[0mPOST /api/v1/user/login [32m200[0m 68.572 ms - 414[0m
[0mGET /api/v1/user/profileInfo [32m200[0m 4.815 ms - 385[0m
[0mGET /api/v1/user/logout [32m200[0m 2.370 ms - 53[0m
[0mGET /api/v1/user/logout [32m200[0m 2.500 ms - 53[0m
[0mGET /api/v1/user/logout [32m200[0m 2.527 ms - 53[0m
[0mGET /api/v1/user/logout [32m200[0m 2.410 ms - 53[0m
[0mGET /api/v1/user/logout [32m200[0m 2.278 ms - 53[0m
[0mPOST /api/v1/user/login [32m200[0m 66.380 ms - 414[0m
[0mGET /api/v1/user/profileInfo [32m200[0m 5.020 ms - 385[0m
[0mGET /api/v1/user/profileInfo [32m200[0m 4.129 ms - 385[0m
[0mGET /api/v1/user/logout [32m200[0m 3.071 ms - 53[0m
[0mGET /api/v1/user/logout [32m200[0m 2.291 ms - 53[0m
[0mGET /api/v1/user/logout [32m200[0m 2.260 ms - 53[0m
[0mPOST /api/v1/user/login [33m400[0m 185.710 ms - 53[0m
[0mPOST /api/v1/user/login [33m400[0m 148.153 ms - 51[0m
[0mPOST /api/v1/user/login [33m400[0m 79.204 ms - 51[0m
[0mPOST /api/v1/user/login [33m400[0m 65.028 ms - 51[0m
[0mPOST /api/v1/user/register [33m400[0m 0.715 ms - 53[0m
[0mPOST /api/v1/user/register [31m500[0m 40.950 ms - 82[0m
[0mPOST /api/v1/user/register [32m201[0m 2242.374 ms - 241[0m
[0mPOST /api/v1/user/login [32m200[0m 67.036 ms - 408[0m
[0mGET /api/v1/user/profileInfo [33m401[0m 0.575 ms - 48[0m
[0mGET /api/v1/user/profileInfo [32m200[0m 8.357 ms - 379[0m
[0mGET /api/v1/user/logout [33m401[0m 0.374 ms - 48[0m
[0mGET /api/v1/user/logout [31m500[0m 0.519 ms - 43[0m
[0mGET /api/v1/user/logout [32m200[0m 4.588 ms - 53[0m
[0mGET /api/v1/user/deleteAccount [32m200[0m 29.351 ms - 54[0m
[0mGET /api/v1/user/profileInfo [32m200[0m 7.155 ms - 379[0m
[0mGET /api/v1/user/profileInfo [32m200[0m 5.577 ms - 379[0m
[0mGET /api/v1/user/profileInfo [32m200[0m 5.370 ms - 379[0m
[0mGET /api/v1/user/deleteAccount [32m200[0m 33.389 ms - 54[0m
[0mGET /api/v1/user/deleteAccount [33m401[0m 5.812 ms - 44[0m
[0mPOST /api/v1/user/register [32m201[0m 2501.533 ms - 241[0m
[0mPOST /api/v1/user/login [32m200[0m 100.076 ms - 408[0m
[0mGET /api/v1/user/profileInfo [33m401[0m 5.028 ms - 44[0m
[0mGET /api/v1/user/profileInfo [32m200[0m 18.967 ms - 379[0m
[0mGET /api/v1/user/logout [32m200[0m 3.580 ms - 53[0m
[0mGET /api/v1/user/deleteAccount [31m500[0m 4.538 ms - 51[0m
[0mGET /api/v1/user/deleteAccount [31m500[0m 3.583 ms - 51[0m
[0mGET /api/v1/user/deleteAccount [31m500[0m 14.995 ms - 51[0m
[0mGET /api/v1/user/deleteAccount [31m500[0m 3.459 ms - 51[0m
[0mGET /api/v1/user/deleteAccount [31m500[0m 3.163 ms - 51[0m
[0mGET /api/v1/user/deleteAccount [31m500[0m 16.656 ms - 51[0m
[0mGET /api/v1/user/deleteAccount [31m500[0m 4.223 ms - 51[0m
[0mGET /api/v1/user/deleteAccount [31m500[0m 3.972 ms - 51[0m
[0mGET /api/v1/user/deleteAccount [32m200[0m 37.214 ms - 54[0m
[0mGET /api/v1/user/deleteAccount [33m401[0m 5.871 ms - 44[0m
[0mGET /api/v1/user/profileInfo [33m401[0m 12.994 ms - 44[0m
[0mGET /api/v1/user/deleteAccount [31m500[0m 7.841 ms - 67[0m
[0mPOST /api/v1/user/register [31m500[0m 2255.941 ms - 66[0m
[0mPOST /api/v1/user/register [31m500[0m 1989.553 ms - 66[0m
[0mPOST /api/v1/user/register [31m500[0m 925.558 ms - 66[0m
[0mPOST /api/v1/user/register [31m500[0m 1968.542 ms - 50[0m
[0mPOST /api/v1/user/register [33m400[0m 8.147 ms - 48[0m
[0mPOST /api/v1/user/register [33m400[0m 19.488 ms - 48[0m
[0mPOST /api/v1/user/register [31m500[0m 4013.688 ms - 50[0m
[0mPOST /api/v1/user/register [33m400[0m 5.241 ms - 48[0m
[0mPOST /api/v1/user/register [33m400[0m 4.205 ms - 48[0m
[0mPOST /api/v1/user/register [31m500[0m 2227.466 ms - 50[0m
[0mPOST /api/v1/user/register [33m400[0m 21.222 ms - 48[0m
[0mPOST /api/v1/user/register [31m500[0m 2809.691 ms - 64[0m
[0mPOST /api/v1/user/register [33m400[0m 4.851 ms - 48[0m
[0mGET /api/v1/user/deleteAccount [33m401[0m 13.228 ms - 44[0m
[0mGET /api/v1/user/deleteAccount [33m401[0m 3.014 ms - 44[0m
[0mPOST /api/v1/user/login [32m200[0m 535.092 ms - 408[0m
[0mGET /api/v1/user/deleteAccount [32m200[0m 9.331 ms - 54[0m
[0mPOST /api/v1/user/register [31m500[0m 2672.630 ms - 64[0m
[0mPOST /api/v1/user/login [32m200[0m 86.171 ms - 408[0m
[0mGET /api/v1/user/deleteAccount [33m401[0m 5.627 ms - 44[0m
[0mGET /api/v1/user/deleteAccount [33m401[0m 3.395 ms - 44[0m
[0mGET /api/v1/user/deleteAccount [32m200[0m 5.827 ms - 54[0m
[0mPOST /api/v1/user/register [31m500[0m 4167.972 ms - 51[0m
[0mGET /api/v1/user/deleteAccount [33m401[0m 12.627 ms - 44[0m
[0mPOST /api/v1/user/login [32m200[0m 77.809 ms - 408[0m
[0mGET /api/v1/user/deleteAccount [32m200[0m 8.397 ms - 54[0m
[0mPOST /api/v1/user/register [31m500[0m 4169.971 ms - 51[0m
[0mPOST /api/v1/user/register [31m500[0m 2865.793 ms - 51[0m
[0mPOST /api/v1/user/register [31m500[0m 4351.020 ms - 51[0m
[0mPOST /api/v1/user/register [31m500[0m 2487.974 ms - 51[0m
[0mPOST /api/v1/user/register [31m500[0m 2909.113 ms - 51[0m
[0mPOST /api/v1/user/register [31m500[0m 3895.726 ms - 51[0m
[0mPOST /api/v1/user/register [32m201[0m 2077.352 ms - 241[0m
[0mPOST /api/v1/user/register [32m201[0m 1984.979 ms - 241[0m
[0mPOST /api/v1/user/register [31m500[0m 3172.683 ms - 51[0m
[0mPOST /api/v1/user/register [31m500[0m 4035.648 ms - 51[0m
[0mPOST /api/v1/user/register [31m500[0m 3373.229 ms - 51[0m
[0mPOST /api/v1/user/register [31m500[0m 7589.994 ms - 51[0m
[0mPOST /api/v1/user/register [31m500[0m 2298.559 ms - 51[0m
[0mPOST /api/v1/user/register [31m500[0m 4260.382 ms - 51[0m
[0mPOST /api/v1/user/register [32m201[0m 2013.898 ms - 241[0m
[0mGET /api/v1/user/deleteAccount [33m401[0m 5.136 ms - 44[0m
[0mPOST /api/v1/user/login [32m200[0m 83.479 ms - 408[0m
[0mGET /api/v1/user/deleteAccount [32m200[0m 7.881 ms - 54[0m
[0mPOST /api/v1/user/register [33m400[0m 21.533 ms - 48[0m
[0mPOST /api/v1/user/login [32m200[0m 90.936 ms - 408[0m
[0mGET /api/v1/user/deleteAccount [32m200[0m 9.418 ms - 54[0m
[0mPOST /api/v1/user/register [31m500[0m 4233.259 ms - 71[0m
[0mPOST /api/v1/user/register [31m500[0m 5463.637 ms - 63[0m
[0mPOST /api/v1/user/register [33m400[0m 21.067 ms - 48[0m
[0mPOST /api/v1/user/register [32m201[0m 2214.974 ms - 241[0m
[0mPOST /api/v1/user/register [33m400[0m 43.631 ms - 48[0m
[0mPOST /api/v1/user/login [31m500[0m 91.165 ms - 50[0m
[0mPOST /api/v1/user/login [31m500[0m 70.970 ms - 50[0m
[0mPOST /api/v1/user/login [31m500[0m 109.507 ms - 50[0m
[0mPOST /api/v1/user/login [31m500[0m 70.986 ms - 50[0m
[0mPOST /api/v1/user/login [31m500[0m 76.785 ms - 50[0m
[0mPOST /api/v1/user/login [31m500[0m 78.780 ms - 50[0m
[0mPOST /api/v1/user/login [32m200[0m 92.417 ms - 408[0m
[0mGET /api/v1/user/profileInfo [33m401[0m 5.988 ms - 44[0m
[0mGET /api/v1/user/profileInfo [32m200[0m 9.373 ms - 379[0m
[0mPOST /api/v1/user/verifyUser [32m200[0m 1.584 ms - 55[0m
[0mGET /api/v1/user/profileInfo [32m200[0m 7.204 ms - 379[0m
[0mGET /api/v1/user/deleteAccount [33m401[0m 6.728 ms - 44[0m
[0mGET /api/v1/user/deleteAccount [33m401[0m 3.527 ms - 44[0m
[0mGET /api/v1/user/deleteAccount [31m500[0m 1.090 ms - 43[0m
[0mGET /api/v1/user/deleteAccount [32m200[0m 15.853 ms - 54[0m
[0mPOST /api/v1/user/register [32m201[0m 2180.825 ms - 241[0m
[0mGET /api/v1/task/createTask [32m200[0m 6.362 ms - 6[0m
[0mGET /api/v1/task/createTask [33m401[0m 5.335 ms - 48[0m
[0mPOST /api/v1/user/login [32m200[0m 135.280 ms - 408[0m
[0mGET /api/v1/task/createTask [32m200[0m 19.937 ms - 6[0m
[0mPOST /api/v1/task/createTask [32m200[0m 23.168 ms - 6[0m
[0mPOST /api/v1/task/createTask [32m200[0m 4.770 ms - 6[0m
[0mPOST /api/v1/task/createTask [32m200[0m 23.826 ms - 6[0m
[0mPOST /api/v1/task/createTask [31m500[0m 24.271 ms - 53[0m
[0mPOST /api/v1/task/createTask [32m201[0m 50.896 ms - 306[0m
[0mPOST /api/v1/task/alltasks [33m404[0m 39.293 ms - 160[0m
[0mPOST /api/v1/task/allTasks [32m200[0m 46.039 ms - 27[0m
[0mPOST /api/v1/task/allTasks [32m200[0m 6.703 ms - 27[0m
[0mPOST /api/v1/task/allTasks [32m200[0m 5.480 ms - 27[0m
[0mPOST /api/v1/task/allTasks [32m200[0m 36.077 ms - 268[0m
[0mPOST /api/v1/task/allTasks [32m200[0m 8.219 ms - 268[0m
[0mPOST /api/v1/task/createTask [32m201[0m 16.090 ms - 323[0m
[0mPOST /api/v1/task/allTasks [32m200[0m 7.884 ms - 527[0m
[0mPOST /api/v1/task/allTasks [32m200[0m 242.902 ms - 527[0m
[0mPOST /api/v1/task/createTask?id=1 [32m201[0m 69.155 ms - 306[0m
[0mPOST /api/v1/task/update?id=1 [33m404[0m 2.131 ms - 158[0m
[0mPOST /api/v1/task/update?id=1 [33m404[0m 11.448 ms - 158[0m
[0mPOST /api/v1/task/update?id=1 [33m404[0m 1.289 ms - 158[0m
[0mPOST /api/v1/task/update/:1 [32m200[0m 11.710 ms - -[0m
[0mPOST /api/v1/task/update?id=1 [33m404[0m 0.457 ms - 158[0m
[0mPOST /api/v1/task/update?productId=1 [33m404[0m 13.982 ms - 158[0m
[0mPOST /api/v1/task/update?productId=1 [33m404[0m 11.452 ms - 158[0m
[0mPOST /api/v1/task/update?productId=1 [33m404[0m 0.921 ms - 158[0m
[0mPOST /api/v1/task/update [33m404[0m 0.611 ms - 158[0m
[0mPOST /api/v1/task/update [33m404[0m 11.183 ms - 158[0m
[0mPOST /api/v1/task/update [33m404[0m 11.806 ms - 158[0m
[0mPOST /api/v1/task/update [33m404[0m 17.786 ms - 158[0m
[0mGET /api/v1/task/update [31m500[0m 58.714 ms - 54[0m
[0mGET /api/v1/task/update?productId=1 [31m500[0m 12.746 ms - 54[0m
[0mGET /api/v1/task/update?productId=1 [31m500[0m 10.840 ms - 54[0m
[0mGET /api/v1/task/update?productId=1 [31m500[0m 11.652 ms - 54[0m
[0mGET /api/v1/task/update?productId=1 [33m404[0m 11.568 ms - 157[0m
[0mGET /api/v1/task/update?productId=1 [33m404[0m 11.146 ms - 157[0m
[0mGET /api/v1/task/update?productId=1 [33m404[0m 1.602 ms - 157[0m
[0mGET /api/v1/task/update?productId=1 [33m404[0m 12.729 ms - 157[0m
[0mGET /api/v1/task/update?productId=1 [33m404[0m 0.813 ms - 157[0m
[0mGET /api/v1/task/update/?productId=1 [33m404[0m 0.594 ms - 158[0m
[0mGET /api/v1/task/update/?productId=1 [33m404[0m 0.482 ms - 158[0m
[0mGET /api/v1/task/update/:productId=1 [33m404[0m 0.520 ms - 170[0m
[0mGET /api/v1/task/update/:productId=1 [33m404[0m 0.454 ms - 170[0m
[0mGET /api/v1/task/update:productId=1 [33m404[0m 0.524 ms - 169[0m
[0mGET /api/v1/task/update/:productId [33m404[0m 0.664 ms - 168[0m
[0mGET /api/v1/task/update/:productId [33m404[0m 1.007 ms - 168[0m
[0mGET /api/v1/task/update/:productId?productId=1 [33m404[0m 0.617 ms - 168[0m
[0mGET /api/v1/task/update/:productId?productId=1 [33m404[0m 0.430 ms - 168[0m
[0mGET /api/v1/task/update/:productId?productId=1 [33m404[0m 0.432 ms - 168[0m
[0mGET /api/v1/task/update/1 [33m404[0m 0.497 ms - 159[0m
[0mGET /api/v1/task/update/1 [33m404[0m 0.755 ms - 159[0m
[0mGET /api/v1/task/update/1 [33m404[0m 0.482 ms - 159[0m
[0mGET /api/v1/task/update/1 [33m404[0m 0.681 ms - 159[0m
[0mGET /api/v1/task/update/1 [33m404[0m 0.428 ms - 159[0m
[0mGET /api/v1/task/update/1 [33m404[0m 0.429 ms - 159[0m
[0mGET /api/v1/task/update/1 [33m404[0m 0.439 ms - 159[0m
[0mGET /api/v1/task/update/1 [33m404[0m 0.384 ms - 159[0m
[0mGET /api/v1/task/update/1 [33m404[0m 0.591 ms - 159[0m
[0mGET /api/v1/task/update/:productId=1 [33m404[0m 0.513 ms - 170[0m
[0mGET /api/v1/task/update/:productId [33m404[0m 0.524 ms - 168[0m
[0mGET /api/v1/task/update/:productId [33m404[0m 11.757 ms - 168[0m
[0mGET /api/v1/task/update/:productId [33m404[0m 1.009 ms - 168[0m
[0mGET /api/v1/task/update/:productId=1 [33m404[0m 0.619 ms - 170[0m
[0mGET /api/v1/task/update/:productId=1 [33m404[0m 0.547 ms - 170[0m
[0mGET /api/v1/task/update/productId=1 [33m404[0m 0.505 ms - 169[0m
[0mGET /api/v1/task/update/=productId=1 [33m404[0m 0.905 ms - 170[0m
[0mGET /api/v1/task/update/1 [32m200[0m 23.666 ms - 1[0m
[0mGET /api/v1/task/update/6762efa85914528000f3ba7c [32m200[0m 4.305 ms - 24[0m
[0mGET /api/v1/task/update/6762efa85914528000f3ba7c [32m200[0m 4.088 ms - 24[0m
[0mGET /api/v1/task/update/6762efa85914528000f3ba7c [32m200[0m 53.000 ms - 304[0m
[0mGET /api/v1/task/update/6762efa85914528000f3ba7c [32m200[0m 32.054 ms - 54[0m
[0mPOST /api/v1/task/allTasks [32m200[0m 30.936 ms - 770[0m
[0mPOST /api/v1/task/allTasks [32m200[0m 71.138 ms - 770[0m
[0mPOST /api/v1/task/delete/6762efa85914528000f3ba7c [33m404[0m 14.436 ms - 183[0m
[0mDELETE /api/v1/task/delete/:taskId [33m404[0m 20.411 ms - 168[0m
[0mGET /api/v1/task/allTasks [32m200[0m 28.567 ms - 770[0m
[0mDELETE /api/v1/task/delete/6762efa85914528000f3ba7c [33m404[0m 0.573 ms - 185[0m
[0mDELETE /api/v1/task/delete/6762efa85914528000f3ba7c [33m404[0m 0.602 ms - 185[0m
[0mDELETE /api/v1/task/delete/6762efa85914528000f3ba7c [33m404[0m 11.286 ms - 185[0m
[0mDELETE /api/v1/task/delete/6762efa85914528000f3ba7c [33m404[0m 0.766 ms - 185[0m
[0mDELETE /api/v1/task/delete/6762efa85914528000f3ba7c [33m404[0m 0.443 ms - 185[0m
[0mDELETE /api/v1/task/delete/6762efa85914528000f3ba7c [33m404[0m 10.731 ms - 185[0m
[0mDELETE /api/v1/task/delete/6762efa85914528000f3ba7c [33m404[0m 0.995 ms - 185[0m
[0mGET /api/v1/task/allTasks [32m200[0m 16.640 ms - 770[0m
[0mDELETE /api/v1/task/delete/67630a2fcf1c9ad76d0d18d1 [33m404[0m 0.994 ms - 185[0m
[0mDELETE /api/v1/task/delete/67630a2fcf1c9ad76d0d18d1 [33m404[0m 0.566 ms - 185[0m
[0mDELETE /api/v1/task/delete/67630a2fcf1c9ad76d0d18d1 [33m404[0m 0.822 ms - 185[0m
[0mDELETE /api/v1/task/delete/67630a2fcf1c9ad76d0d18d1 [33m404[0m 0.440 ms - 185[0m
[0mGET /api/v1/task/allTasks [32m200[0m 6.506 ms - 770[0m
[0mDELETE /api/v1/task/delete/67630a2fcf1c9ad76d0d18d1 [33m404[0m 0.545 ms - 185[0m
[0mDELETE /api/v1/task/delete/67630a2fcf1c9ad76d0d18d1 [33m404[0m 0.505 ms - 185[0m
[0mDELETE /api/v1/task/delete/67630a2fcf1c9ad76d0d18d1 [33m404[0m 0.495 ms - 185[0m
[0mGET /api/v1/task/delete/67630a2fcf1c9ad76d0d18d1 [33m404[0m 0.559 ms - 182[0m
[0mDELETE /api/v1/task/delete/67630a2fcf1c9ad76d0d18d1 [33m404[0m 0.342 ms - 185[0m
[0mDELETE /api/v1/task/delete/67630a2fcf1c9ad76d0d18d1 [33m404[0m 0.778 ms - 185[0m
[0mGET /api/v1/task/allTasks [32m200[0m 26.682 ms - 770[0m
[0mDELETE /api/v1/task/delete/67630a2fcf1c9ad76d0d18d1 [32m200[0m 30.175 ms - 54[0m
[0mGET /api/v1/task/allTasks [32m200[0m 7.408 ms - 528[0m
[0mDELETE /api/v1/task/deleteTasks [33m404[0m 1.311 ms - 165[0m
[0mDELETE /api/v1/task/deleteTasks [31m500[0m 28.280 ms - 64[0m
[0mDELETE /api/v1/task/deleteTasks [31m500[0m 19.697 ms - 50[0m
[0mDELETE /api/v1/task/deleteTasks [31m500[0m 5.804 ms - 50[0m
[0mGET /api/v1/task/allTasks [32m200[0m 38.491 ms - 528[0m
[0mDELETE /api/v1/task/deleteTasks [32m200[0m 27.742 ms - 59[0m
[0mGET /api/v1/task/allTasks [32m200[0m 12.318 ms - 27[0m
[0mDELETE /api/v1/task/deleteTasks [32m200[0m 8.325 ms - 59[0m
[0mPOST /api/v1/user/login [33m400[0m 43.421 ms - 53[0m
[0mPOST /api/v1/user/login [32m200[0m 139.585 ms - 408[0m
[0mGET /api/v1/user/deleteAccount [33m401[0m 8.157 ms - 44[0m
[0mGET /api/v1/task/allTasks [32m200[0m 21.997 ms - 27[0m
[0mPOST /api/v1/task/createTask [0m-[0m - ms - -[0m
[0mPOST /api/v1/task/createTask [32m201[0m 5.575 ms - 306[0m
[0mGET /api/v1/task/allTasks [32m200[0m 5.388 ms - 510[0m
[0mDELETE /api/v1/task/delete/67630a2fcf1c9ad76d0d18d1 [31m500[0m 8.390 ms - 44[0m
[0mDELETE /api/v1/task/deleteTasks [32m200[0m 34.137 ms - 59[0m
[0mGET /api/v1/task/allTasks [32m200[0m 5.265 ms - 27[0m
[0mPOST /api/v1/user/login [32m200[0m 3292.011 ms - 238[0m
[0mPOST /api/v1/user/verifyUser [33m400[0m 30.177 ms - 55[0m
[0mPOST /api/v1/user/verifyUser [33m400[0m 2.544 ms - 55[0m
[0mPOST /api/v1/user/verifyUser [33m400[0m 2.146 ms - 55[0m
[0mPOST /api/v1/user/login [32m200[0m 2857.232 ms - 238[0m
[0mPOST /api/v1/user/verifyUser [31m500[0m 3.806 ms - 61[0m
[0mPOST /api/v1/user/verifyUser [32m200[0m 30.311 ms - 55[0m
[0mPOST /api/v1/user/forgetpassword [33m404[0m 22.550 ms - 166[0m
[0mPOST /api/v1/user/forgetpassword [33m404[0m 1.091 ms - 166[0m
[0mPOST /api/v1/user/login [32m200[0m 5048.135 ms - 238[0m
[0mPOST /api/v1/user/verifyUser [32m200[0m 9.428 ms - 55[0m
[0mPOST /api/v1/user/forgetpassword [33m404[0m 0.773 ms - 166[0m
[0mPOST /api/v1/user/forgetpassword [33m404[0m 1.273 ms - 166[0m
[0mPOST /api/v1/user/forgetpassword [33m404[0m 14.525 ms - 166[0m
[0mPOST /api/v1/user/forgetpassword [32m200[0m 27.274 ms - 67[0m
[0mPOST /api/v1/user/forgetpassword [32m200[0m 7.522 ms - 67[0m
[0mPOST /api/v1/user/forgetpassword [31m500[0m 49.417 ms - 67[0m
[0mPOST /api/v1/user/forgetpassword [31m500[0m 25.709 ms - 67[0m
[0mPOST /api/v1/user/forgetpassword [31m500[0m 34.514 ms - 67[0m
[0mPOST /api/v1/user/forgetpassword [31m500[0m 38.301 ms - 67[0m
[0mPOST /api/v1/user/forgetpassword [31m500[0m 26.034 ms - 95[0m
[0mPOST /api/v1/user/forgetpassword [31m500[0m 27.859 ms - 95[0m
[0mPOST /api/v1/user/register [33m400[0m 8.735 ms - 53[0m
[0mPOST /api/v1/user/register [31m500[0m 48.811 ms - 82[0m
[0mPOST /api/v1/user/register [31m500[0m 5.014 ms - 82[0m
[0mPOST /api/v1/user/register [31m500[0m 4.484 ms - 82[0m
[0mPOST /api/v1/user/register [31m500[0m 3.492 ms - 46[0m
[0mPOST /api/v1/user/register [32m201[0m 2217.033 ms - 241[0m
[0mPOST /api/v1/user/login [32m200[0m 2758.909 ms - 238[0m
[0mPOST /api/v1/user/verifyUser [33m400[0m 7.206 ms - 55[0m
[0mPOST /api/v1/user/verifyUser [32m200[0m 6.162 ms - 55[0m
[0mPOST /api/v1/user/forgetpassword [33m401[0m 5.621 ms - 44[0m
[0mPOST /api/v1/user/forgetpassword [31m500[0m 5.788 ms - 95[0m
[0mPOST /api/v1/user/forgetpassword [31m500[0m 11.047 ms - 95[0m
[0mPOST /api/v1/user/forgetpassword [31m500[0m 34.007 ms - 95[0m
[0mPOST /api/v1/user/forgetpassword [31m500[0m 8.039 ms - 95[0m
[0mPOST /api/v1/user/forgetpassword [31m500[0m 27.334 ms - 95[0m
[0mPOST /api/v1/user/forgetpassword [31m500[0m 6.631 ms - 95[0m
[0mPOST /api/v1/user/forgetpassword [31m500[0m 29.717 ms - 77[0m
[0mPOST /api/v1/user/forgetpassword [31m500[0m 26.386 ms - 77[0m
[0mPOST /api/v1/user/forgetpassword [31m500[0m 6.176 ms - 77[0m
[0mPOST /api/v1/user/forgetpassword [31m500[0m 5.646 ms - 77[0m
[0mPOST /api/v1/user/forgetpassword [31m500[0m 31.519 ms - 77[0m
[0mPOST /api/v1/user/forgetpassword [31m500[0m 28.065 ms - 77[0m
[0mPOST /api/v1/user/forgetpassword [31m500[0m 8.144 ms - 77[0m
[0mPOST /api/v1/user/forgetpassword [31m500[0m 5.521 ms - 77[0m
[0mPOST /api/v1/user/forgetpassword [32m200[0m 38.210 ms - 67[0m
[0mPOST /api/v1/user/forgetpassword [32m200[0m 38.899 ms - 67[0m
[0mPOST /api/v1/user/forgetpassword [32m200[0m 299.775 ms - 67[0m
[0mPOST /api/v1/user/forgetpassword [31m500[0m 50.945 ms - 69[0m
[0mPOST /api/v1/user/forgetpassword [32m200[0m 3249.825 ms - 67[0m
[0mPOST /api/v1/user/resetpassword/583614f780f479e0af082218571f9295b2e6270773572a6ac6523490ecafa2dd [33m401[0m 13.154 ms - 48[0m
[0mPOST /api/v1/user/resetpassword/583614f780f479e0af082218571f9295b2e6270773572a6ac6523490ecafa2dd [33m400[0m 14.778 ms - 43[0m
[0mPOST /api/v1/user/resetpassword/583614f780f479e0af082218571f9295b2e6270773572a6ac6523490ecafa2dd [33m400[0m 5.256 ms - 43[0m
[0mPOST /api/v1/user/forgetpassword [32m200[0m 3751.629 ms - 67[0m
[0mPOST /api/v1/user/resetpassword/02588da36829a9fb99c7177c72478df5e253aa014b3fe5c3c3552384f8c90ed5 [33m400[0m 6.710 ms - 43[0m
[0mPOST /api/v1/user/resetpassword/02588da36829a9fb99c7177c72478df5e253aa014b3fe5c3c3552384f8c90ed5 [33m400[0m 5.728 ms - 43[0m
[0mPOST /api/v1/user/resetpassword/02588da36829a9fb99c7177c72478df5e253aa014b3fe5c3c3552384f8c90ed5 [33m400[0m 26.672 ms - 43[0m
[0mPOST /api/v1/user/resetpassword/02588da36829a9fb99c7177c72478df5e253aa014b3fe5c3c3552384f8c90ed5 [33m400[0m 5.413 ms - 43[0m
[0mPOST /api/v1/user/resetpassword/02588da36829a9fb99c7177c72478df5e253aa014b3fe5c3c3552384f8c90ed5 [33m400[0m 25.985 ms - 43[0m
[0mPOST /api/v1/user/resetpassword/02588da36829a9fb99c7177c72478df5e253aa014b3fe5c3c3552384f8c90ed5 [33m400[0m 5.642 ms - 43[0m
[0mPOST /api/v1/user/resetpassword/02588da36829a9fb99c7177c72478df5e253aa014b3fe5c3c3552384f8c90ed5 [33m400[0m 6.076 ms - 43[0m
[0mPOST /api/v1/user/resetpassword/02588da36829a9fb99c7177c72478df5e253aa014b3fe5c3c3552384f8c90ed5 [33m400[0m 4.828 ms - 43[0m
[0mPOST /api/v1/user/resetpassword/02588da36829a9fb99c7177c72478df5e253aa014b3fe5c3c3552384f8c90ed5 [33m400[0m 26.567 ms - 43[0m
[0mPOST /api/v1/user/resetpassword/02588da36829a9fb99c7177c72478df5e253aa014b3fe5c3c3552384f8c90ed5 [33m400[0m 6.307 ms - 43[0m
[0mPOST /api/v1/user/resetpassword/02588da36829a9fb99c7177c72478df5e253aa014b3fe5c3c3552384f8c90ed5 [33m400[0m 25.961 ms - 43[0m
[0mPOST /api/v1/user/resetpassword/02588da36829a9fb99c7177c72478df5e253aa014b3fe5c3c3552384f8c90ed5 [33m400[0m 26.141 ms - 43[0m
[0mPOST /api/v1/user/resetpassword/02588da36829a9fb99c7177c72478df5e253aa014b3fe5c3c3552384f8c90ed5 [32m200[0m 28.387 ms - 56[0m
[0mPOST /api/v1/user/forgetpassword [32m200[0m 3916.440 ms - 67[0m
[0mPOST /api/v1/user/forgetpassword [32m200[0m 3390.045 ms - 67[0m
[0mPOST /api/v1/user/resetpassword/592af6a82dd5057124cfc7e9124b3b98899d13cce22c2802ff4b6ab463bc9968 [31m500[0m 7.523 ms - 65[0m
[0mPOST /api/v1/user/resetpassword/592af6a82dd5057124cfc7e9124b3b98899d13cce22c2802ff4b6ab463bc9968 [32m200[0m 27.226 ms - 56[0m
[0mPOST /api/v1/user/resetpassword/592af6a82dd5057124cfc7e9124b3b98899d13cce22c2802ff4b6ab463bc9968 [32m200[0m 4036.082 ms - 56[0m
[0mPOST /api/v1/user/resetpassword/592af6a82dd5057124cfc7e9124b3b98899d13cce22c2802ff4b6ab463bc9968 [33m400[0m 30.620 ms - 43[0m
[0mPOST /api/v1/user/resetpassword/592af6a82dd5057124cfc7e9124b3b98899d13cce22c2802ff4b6ab463bc9968 [33m400[0m 6.096 ms - 43[0m
[0mPOST /api/v1/user/forgetpassword [32m200[0m 3171.688 ms - 67[0m
[0mPOST /api/v1/user/resetpassword/ce376cbf859f9281a8850cad045b35bed06f7e21b85dbba348a653c49a965999 [32m200[0m 4008.446 ms - 56[0m
[0mPOST /api/v1/user/resetpassword/ce376cbf859f9281a8850cad045b35bed06f7e21b85dbba348a653c49a965999 [33m400[0m 44.075 ms - 43[0m
[0mPOST /api/v1/user/login [33m400[0m 75.274 ms - 51[0m
[0mPOST /api/v1/user/login [32m200[0m 3184.365 ms - 238[0m
[0mPOST /api/v1/user/verifyUser [32m200[0m 6.265 ms - 55[0m
[0mGET /api/v1/user/profileInfo [33m401[0m 3.099 ms - 44[0m
[0mGET /api/v1/user/profileInfo [32m200[0m 14.441 ms - 414[0m
[0mGET /api/v1/task/allTasks [32m200[0m 10.532 ms - 27[0m
[0mPOST /api/v1/task/createTask [33m401[0m 3.199 ms - 44[0m
[0mPOST /api/v1/task/createTask [32m201[0m 10.523 ms - 306[0m
[0mGET /api/v1/task/allTasks [32m200[0m 19.438 ms - 268[0m
[0mPOST /api/v1/task/createTask [32m201[0m 296.441 ms - 306[0m
[0mGET /api/v1/task/allTasks [32m200[0m 34.608 ms - 510[0m
[0mPOST /api/v1/task/createTask [32m201[0m 5.863 ms - 306[0m
[0mPOST /api/v1/task/createTask [33m429[0m 3.787 ms - 54[0m
[0mPOST /api/v1/task/createTask [33m429[0m 3.114 ms - 54[0m
[0mPOST /api/v1/task/createTask [33m429[0m 2.775 ms - 54[0m
[0mPOST /api/v1/task/createTask [32m201[0m 33.658 ms - 306[0m
[0mPOST /api/v1/task/createTask [32m201[0m 6.374 ms - 306[0m
[0mPOST /api/v1/task/createTask [33m429[0m 3.718 ms - 67[0m
[0mPOST /api/v1/task/createTask [33m429[0m 4.602 ms - 67[0m
[0mGET / [33m404[0m 7.331 ms - 139[0m
[0mGET /api/ [32m200[0m 6.977 ms - 12[0m
[0mGET /favicon.ico [33m404[0m 1.043 ms - 150[0m
[0mGET /api/ [31m500[0m 6.145 ms - 54[0m
[0mGET /api/ [31m500[0m 1.150 ms - 54[0m
[0mGET /api/ [33m404[0m 7.302 ms - 94[0m
[0mGET /api/ [31m500[0m 5.232 ms - 83[0m
[0mGET /api/ [31m500[0m 5.193 ms - 83[0m
[0mGET /api/ [31m500[0m 6.271 ms - 54[0m
[0mGET /api/ [31m500[0m 5.116 ms - 54[0m
[0mGET /api/ [31m500[0m 5.516 ms - 54[0m
[0mGET /api/ [31m500[0m 5.224 ms - 52[0m
[0mGET /api/ [31m500[0m 8.818 ms - 101[0m
[0mGET /api/ [31m500[0m 5.713 ms - 101[0m
[0mGET /api/ [31m500[0m 5.726 ms - 83[0m
[0mGET /api/ [31m500[0m 4.786 ms - 83[0m
[0mGET /api/ [31m500[0m 5.121 ms - 83[0m
[0mGET /api/ [31m500[0m 6.203 ms - 83[0m
[0mGET /api/ [31m500[0m 5.417 ms - 54[0m
[0mGET /api/ [31m500[0m 0.895 ms - 54[0m
[0mGET /api/ [31m500[0m 6.406 ms - 101[0m
[0mGET /api/ [31m500[0m 5.083 ms - 83[0m
[0mGET /api/ [31m500[0m 6.450 ms - 83[0m
[0mGET /api/ [31m500[0m 4.925 ms - 83[0m
[0mGET /api/ [31m500[0m 10.032 ms - 83[0m
[0mGET /api/ [32m200[0m 5.601 ms - 23[0m
[0mGET /api/ [33m404[0m 25.191 ms - 93[0m
[0mGET /api/ [31m500[0m 8.248 ms - 54[0m
[0mGET /api/ [31m500[0m 20.126 ms - 102[0m
[0mGET /api/ [31m500[0m 6.709 ms - 54[0m
[0mGET /api/ [31m500[0m 1.339 ms - 54[0m
[0mGET /api/ [31m500[0m 6.651 ms - 54[0m
[0mGET /api/ [32m200[0m 13.908 ms - 214[0m
[0mGET /api/ [36m304[0m 16.102 ms - -[0m
[0mGET /api/ [36m304[0m 5.412 ms - -[0m
[0mGET /api/ [0m-[0m - ms - -[0m
[0mGET / [31m500[0m 6.844 ms - 54[0m
[0mGET /api/ [0m-[0m - ms - -[0m
[0mGET / [31m500[0m 3.091 ms - 54[0m
[0mGET / [32m200[0m 50.529 ms - 214[0m
[0mGET / [33m404[0m 4.400 ms - 139[0m
[0mGET /api/v1/register [33m404[0m 2.127 ms - 154[0m
[0mGET /api/v1/register [33m404[0m 0.955 ms - 154[0m
[0mGET /api/v1/user/register [33m404[0m 1.188 ms - 159[0m
[0mGET /api/v1/user/register [33m404[0m 0.855 ms - 159[0m
[0mGET /api/v1/user/register [0m-[0m - ms - -[0m
[0mGET /api/v1/user/register [33m404[0m 4.432 ms - 159[0m
[0mGET /api/v1/user/register [33m404[0m 1.600 ms - 159[0m
[0mGET /api/v1/user/register [33m404[0m 5.453 ms - 159[0m
[0mGET /api/v1/user/register [33m404[0m 5.786 ms - 159[0m
[0mGET /api/v1/user/register [33m404[0m 5.356 ms - 159[0m
[0mGET /api/v1/user/register [0m-[0m - ms - -[0m
[0mGET /api/v1/user/register [32m200[0m 10.250 ms - 214[0m
[0mGET /api/v1/user/register [36m304[0m 2.566 ms - -[0m
[0mGET /api/v1/user/register [36m304[0m 0.944 ms - -[0m
[0mGET /api/v1/user/register [36m304[0m 0.763 ms - -[0m
[0mGET /api/v1/user/register [33m404[0m 6.647 ms - 159[0m
[0mGET /api/v1/user/register [33m404[0m 5.215 ms - 159[0m
[0mGET /api/v1/user/register [32m200[0m 7.110 ms - 214[0m
[0mGET /api/v1/user/register [36m304[0m 6.192 ms - -[0m
[0mGET /api/v1/user/register [32m200[0m 34.345 ms - 1790[0m
[0mGET /api/v1/user/register [32m200[0m 40.849 ms - 2751[0m
[0mGET /api/v1/user/register [36m304[0m 0.969 ms - -[0m
[0mGET /api/v1/user/register?profilePhoto=Ashutosh.jpg&username=Ashutosh+kumar&email=coderashukr321%40gmail.com&password=ashu123 [32m200[0m 1.603 ms - 2751[0m
[0mGET /api/v1/user/register?profilePhoto=Ashutosh.jpg&username=Ashutosh+kumar&email=ashutoshkumarsingh55555%40gmail.com&password=ashu123 [32m200[0m 1.632 ms - 2751[0m
[0mGET /api/v1/user/register?profilePhoto=Ashutosh.jpg&username=Ashutosh+kumar&email=ashutoshkumarsingh55555%40gmail.com&password=ashu123 [36m304[0m 1.008 ms - -[0m
[0mPOST /api/v1/user/login [31m500[0m 1492.114 ms - 49[0m
[0mPOST /api/v1/user/login [31m500[0m 1233.854 ms - 49[0m
[0mPOST /api/v1/user/login [31m500[0m 1143.662 ms - 49[0m
[0mPOST /api/v1/user/login [31m500[0m 1159.663 ms - 49[0m
[0mPOST /api/v1/user/login [32m200[0m 2924.208 ms - 238[0m
[0mPOST /api/v1/user/login [32m200[0m 3672.074 ms - 238[0m
[0mPOST /api/v1/user/verifyUser [32m200[0m 12.451 ms - 55[0m
[0mGET /api/v1/task/allTasks [32m200[0m 14.450 ms - 1236[0m
